total 24K
dr-xr-xr-x.  18 root root  235 Jan  5 04:34 .
dr-xr-xr-x.  18 root root  235 Jan  5 04:34 ..
dr-xr-xr-x.   2 root root    6 Mar 25  2022 afs
lrwxrwxrwx.   1 root root    7 Mar 25  2022 bin -> usr/bin
dr-xr-xr-x.   5 root root 4.0K Jan  5 04:34 boot
drwxr-xr-x.  18 root root 3.1K May 17 00:20 dev
drwxr-xr-x.  84 root root 8.0K May 17 00:21 etc
drwxr-xr-x.   3 root root   21 Jan  5 04:26 home
lrwxrwxrwx.   1 root root    7 Mar 25  2022 lib -> usr/lib
lrwxrwxrwx.   1 root root    9 Mar 25  2022 lib64 -> usr/lib64
drwxr-xr-x.   2 root root    6 Mar 25  2022 media
drwxr-xr-x.   2 root root    6 Mar 25  2022 mnt
drwxr-xr-x.   2 root root    6 Mar 25  2022 opt
dr-xr-xr-x. 174 root root    0 May 17 00:20 proc
dr-xr-x---.   3 root root  119 Jan  5 04:34 root
drwxr-xr-x.  28 root root  820 May 17 00:20 run
lrwxrwxrwx.   1 root root    8 Mar 25  2022 sbin -> usr/sbin
drwxr-xr-x.   2 root root    6 Mar 25  2022 srv
dr-xr-xr-x.  13 root root    0 May 17 00:20 sys
drwxrwxrwt.  11 root root 4.0K May 17 00:21 tmp
drwxr-xr-x.  12 root root  144 Jan  5 04:20 usr
drwxr-xr-x.  19 root root 4.0K Jan  5 12:27 var