total 65K
drwxr-xr-x  18 root root 4.0K Jan  5 08:05 .
drwxr-xr-x  18 root root 4.0K Jan  5 08:05 ..
lrwxrwxrwx   1 root root    7 Jan  5 07:36 bin -> usr/bin
drwxr-xr-x   4 root root 1.0K Jan  5 08:05 boot
drwxr-xr-x  16 root root 3.2K May 17 00:20 dev
drwxr-xr-x  79 root root 4.0K May 17 00:21 etc
drwxr-xr-x   3 root root 4.0K Jan  5 07:51 home
lrwxrwxrwx   1 root root   30 Jan  5 07:54 initrd.img -> boot/initrd.img-6.1.0-17-amd64
lrwxrwxrwx   1 root root   30 Jan  5 07:38 initrd.img.old -> boot/initrd.img-6.1.0-15-amd64
lrwxrwxrwx   1 root root    7 Jan  5 07:36 lib -> usr/lib
lrwxrwxrwx   1 root root    9 Jan  5 07:36 lib64 -> usr/lib64
drwx------   2 root root  16K Jan  5 07:35 lost+found
drwxr-xr-x   3 root root 4.0K Jan  5 07:36 media
drwxr-xr-x   2 root root 4.0K Jan  5 07:36 mnt
drwxr-xr-x   2 root root 4.0K Jan  5 07:36 opt
dr-xr-xr-x 147 root root    0 May 17 00:20 proc
drwx------   3 root root 4.0K Jan  5 08:02 root
drwxr-xr-x  21 root root  640 May 17 00:21 run
lrwxrwxrwx   1 root root    8 Jan  5 07:36 sbin -> usr/sbin
drwxr-xr-x   2 root root 4.0K Jan  5 07:36 srv
dr-xr-xr-x  13 root root    0 May 17 00:20 sys
drwxrwxrwt  11 root root 4.0K May 17 00:21 tmp
drwxr-xr-x  12 root root 4.0K Jan  5 07:36 usr
drwxr-xr-x  11 root root 4.0K Jan  5 07:36 var
lrwxrwxrwx   1 root root   27 Jan  5 07:54 vmlinuz -> boot/vmlinuz-6.1.0-17-amd64
lrwxrwxrwx   1 root root   27 Jan  5 07:38 vmlinuz.old -> boot/vmlinuz-6.1.0-15-amd64