total 32K
dr-xr-xr-x.  18 root root  237 Jan 26 00:39 .
dr-xr-xr-x.  18 root root  237 Jan 26 00:39 ..
lrwxrwxrwx.   1 root root    7 Jan 30  2023 bin -> usr/bin
dr-xr-xr-x.   5 root root  16K Jan 26 00:40 boot
drwxr-xr-x.  15 root root 3.0K Feb  6 05:26 dev
drwxr-xr-x.  77 root root  16K Feb  6 05:27 etc
drwxr-xr-x.   3 root root   22 Feb  6 05:27 home
lrwxrwxrwx.   1 root root    7 Jan 30  2023 lib -> usr/lib
lrwxrwxrwx.   1 root root    9 Jan 30  2023 lib64 -> usr/lib64
drwxr-xr-x.   2 root root    6 Jan 26 00:38 local
drwxr-xr-x.   2 root root    6 Jan 30  2023 media
drwxr-xr-x.   2 root root    6 Jan 30  2023 mnt
drwxr-xr-x.   3 root root   17 Jan 26 00:40 opt
dr-xr-xr-x. 166 root root    0 Feb  6 05:26 proc
dr-xr-x---.   3 root root  103 Jan 26 00:40 root
drwxr-xr-x.  27 root root  820 Feb  6 05:27 run
lrwxrwxrwx.   1 root root    8 Jan 30  2023 sbin -> usr/sbin
drwxr-xr-x.   2 root root    6 Jan 30  2023 srv
dr-xr-xr-x.  13 root root    0 Feb  6 05:26 sys
drwxrwxrwt.   8 root root  160 Mar 26 06:11 tmp
drwxr-xr-x.  12 root root  144 Jan 26 00:39 usr
drwxr-xr-x.  19 root root  266 Feb  6 05:26 var