total 2.4G
drwxr-xr-x  17 root root 4.0K Jan 30 06:26 .
drwxr-xr-x  17 root root 4.0K Jan 30 06:26 ..
lrwxrwxrwx   1 root root    7 Jan 19 17:10 bin -> usr/bin
drwxr-xr-x   4 root root 4.0K Jan 24 23:58 boot
drwxr-xr-x  19 root root 3.8K Jan 30 06:26 dev
drwxr-xr-x  60 root root 4.0K Jan 30 06:26 etc
drwxr-xr-x   3 root root 4.0K Jan 30 06:26 home
lrwxrwxrwx   1 root root    7 Jan 19 17:10 lib -> usr/lib
lrwxrwxrwx   1 root root    7 Jan 19 17:10 lib64 -> usr/lib
drwx------   2 root root  16K Jan 24 23:56 lost+found
drwxr-xr-x   2 root root 4.0K Jan 19 17:10 mnt
drwxr-xr-x   3 root root 4.0K Jan 24 23:57 opt
dr-xr-xr-x 184 root root    0 Jan 30 06:26 proc
drwxr-x---   7 root root 4.0K Feb 27 08:55 root
drwxr-xr-x  21 root root  560 Jan 30 06:27 run
lrwxrwxrwx   1 root root    7 Jan 19 17:10 sbin -> usr/bin
drwxr-xr-x   4 root root 4.0K Jan 24 23:56 srv
-rw-------   1 root root 2.4G Jan 30 06:27 swapfile
dr-xr-xr-x  13 root root    0 Mar 26 06:08 sys
drwxrwxrwt   7 root root  140 Mar 26 06:10 tmp
drwxr-xr-x   9 root root 4.0K Jan 24 23:58 usr
drwxr-xr-x  13 root root 4.0K Jan 30 06:26 var