total 2.4G
drwxr-xr-x  18 root root 4.0K Feb 12 06:07 .
drwxr-xr-x  18 root root 4.0K Feb 12 06:07 ..
lrwxrwxrwx   1 root root    7 Jan 25 01:27 bin -> usr/bin
drwxr-xr-x   4 root root 4.0K Feb 12 06:08 boot
drwxr-xr-x  18 root root 3.3K Feb 12 06:07 dev
drwxr-xr-x  85 root root 4.0K Mar 11 06:05 etc
drwxr-xr-x   3 root root 4.0K Jan 30 06:23 home
lrwxrwxrwx   1 root root   30 Feb 12 06:07 initrd.img -> boot/initrd.img-6.1.0-18-amd64
lrwxrwxrwx   1 root root   30 Feb 12 06:07 initrd.img.old -> boot/initrd.img-6.1.0-17-amd64
lrwxrwxrwx   1 root root    7 Jan 25 01:27 lib -> usr/lib
lrwxrwxrwx   1 root root    9 Jan 25 01:27 lib64 -> usr/lib64
drwx------   2 root root  16K Jan 25 01:27 lost+found
drwxr-xr-x   4 root root 4.0K Jan 25 01:27 media
drwxr-xr-x   2 root root 4.0K Jan 25 01:27 mnt
drwxr-xr-x   3 root root 4.0K Jan 25 01:30 opt
dr-xr-xr-x 162 root root    0 Jan 30 06:23 proc
drwx------   5 root root 4.0K Feb 27 09:37 root
drwxr-xr-x  21 root root  820 Mar 26 06:10 run
lrwxrwxrwx   1 root root    8 Jan 25 01:27 sbin -> usr/sbin
drwxr-xr-x   2 root root 4.0K Jan 25 01:27 srv
-rw-------   1 root root 2.4G Jan 30 06:24 swapfile
dr-xr-xr-x  13 root root    0 Jan 30 06:23 sys
drwxrwxrwt  11 root root 4.0K Mar 26 06:10 tmp
drwxr-xr-x  12 root root 4.0K Jan 25 01:27 usr
drwxr-xr-x  11 root root 4.0K Jan 25 01:27 var
lrwxrwxrwx   1 root root   27 Feb 12 06:07 vmlinuz -> boot/vmlinuz-6.1.0-18-amd64
lrwxrwxrwx   1 root root   27 Feb 12 06:07 vmlinuz.old -> boot/vmlinuz-6.1.0-17-amd64