total 2.4G
dr-xr-xr-x.  19 root root 4.0K Jan 30 06:27 .
dr-xr-xr-x.  19 root root 4.0K Jan 30 06:27 ..
dr-xr-xr-x.   2 root root 4.0K Jul 21  2023 afs
lrwxrwxrwx.   1 root root    7 Jul 21  2023 bin -> usr/bin
dr-xr-xr-x.   5 root root 4.0K Jan 29 16:36 boot
drwxr-xr-x.  19 root root 3.8K Jan 30 06:27 dev
drwxr-xr-x. 113 root root  12K Feb 20 00:13 etc
drwxr-xr-x.   3 root root 4.0K Jan 30 06:27 home
lrwxrwxrwx.   1 root root    7 Jul 21  2023 lib -> usr/lib
lrwxrwxrwx.   1 root root    9 Jul 21  2023 lib64 -> usr/lib64
drwx------.   2 root root  16K Jan 29 16:24 lost+found
drwxr-xr-x.   2 root root 4.0K Jul 21  2023 media
drwxr-xr-x.   2 root root 4.0K Jul 21  2023 mnt
drwxr-xr-x.   3 root root 4.0K Jan 29 16:41 opt
dr-xr-xr-x. 210 root root    0 Jan 30 06:27 proc
dr-xr-x---.   6 root root 4.0K Feb 20 09:32 root
drwxr-xr-x.  40 root root 1.2K Mar  8 10:02 run
lrwxrwxrwx.   1 root root    8 Jul 21  2023 sbin -> usr/sbin
drwxr-xr-x.   2 root root 4.0K Jul 21  2023 srv
-rw-------.   1 root root 2.4G Jan 30 06:28 swapfile
dr-xr-xr-x.  13 root root    0 Jan 30 06:27 sys
drwxrwxrwt.  64 root root  12K Mar 26 06:10 tmp
drwxr-xr-x.  12 root root 4.0K Jan 29 16:25 usr
drwxr-xr-x.  20 root root 4.0K Jan 29 16:40 var