total 2.4G
dr-xr-xr-x.  19 root root 4.0K Feb 27 09:03 .
dr-xr-xr-x.  19 root root 4.0K Feb 27 09:03 ..
dr-xr-xr-x.   2 root root 4.0K May 16  2022 afs
lrwxrwxrwx.   1 root root    7 May 16  2022 bin -> usr/bin
dr-xr-xr-x.   5 root root 4.0K Jan 29 17:04 boot
drwxr-xr-x.  19 root root 3.2K Feb 27 09:03 dev
drwxr-xr-x. 124 root root  12K Feb 27 09:03 etc
drwxr-xr-x.   3 root root 4.0K Feb 27 09:03 home
lrwxrwxrwx.   1 root root    7 May 16  2022 lib -> usr/lib
lrwxrwxrwx.   1 root root    9 May 16  2022 lib64 -> usr/lib64
drwx------.   2 root root  16K Jan 29 17:01 lost+found
drwxr-xr-x.   2 root root 4.0K May 16  2022 media
drwxr-xr-x.   2 root root 4.0K May 16  2022 mnt
drwxr-xr-x.   3 root root 4.0K Jan 29 17:07 opt
dr-xr-xr-x. 180 root root    0 Feb 27 09:02 proc
dr-xr-x---.   4 root root 4.0K Feb 27 09:05 root
drwxr-xr-x.  40 root root 1.1K Feb 27 09:03 run
lrwxrwxrwx.   1 root root    8 May 16  2022 sbin -> usr/sbin
drwxr-xr-x.   2 root root 4.0K May 16  2022 srv
-rw-------.   1 root root 2.4G Feb 27 09:03 swapfile
dr-xr-xr-x.  13 root root    0 Feb 27 09:02 sys
drwxrwxrwt.   6 root root 4.0K Mar 26 06:11 tmp
drwxr-xr-x.  12 root root 4.0K Jan 29 17:01 usr
drwxr-xr-x.  20 root root 4.0K Jan 29 17:06 var