total 2.4G
drwxr-xr-x  20 root root 4.0K Jan 30 06:27 .
drwxr-xr-x  20 root root 4.0K Jan 30 06:27 ..
lrwxrwxrwx   1 root root    7 Aug 10  2023 bin -> usr/bin
drwxr-xr-x   4 root root 4.0K Mar 20 06:19 boot
dr-xr-xr-x   2 root root 4.0K Aug 10  2023 cdrom
drwxr-xr-x  19 root root 4.0K Jan 30 06:27 dev
drwxr-xr-x 103 root root 4.0K Mar 20 06:18 etc
drwxr-xr-x   4 root root 4.0K Jan 30 06:27 home
lrwxrwxrwx   1 root root    7 Aug 10  2023 lib -> usr/lib
lrwxrwxrwx   1 root root    9 Aug 10  2023 lib32 -> usr/lib32
lrwxrwxrwx   1 root root    9 Aug 10  2023 lib64 -> usr/lib64
lrwxrwxrwx   1 root root   10 Aug 10  2023 libx32 -> usr/libx32
drwx------   2 root root  16K Jan 25 03:13 lost+found
drwxr-xr-x   2 root root 4.0K Aug 10  2023 media
drwxr-xr-x   2 root root 4.0K Aug 10  2023 mnt
drwxr-xr-x   3 root root 4.0K Jan 25 03:18 opt
dr-xr-xr-x 182 root root    0 Jan 30 06:27 proc
drwx------   7 root root 4.0K Feb 27 09:37 root
drwxr-xr-x  31 root root 1.1K Mar 26 06:10 run
lrwxrwxrwx   1 root root    8 Aug 10  2023 sbin -> usr/sbin
drwxr-xr-x   6 root root 4.0K Aug 10  2023 snap
drwxr-xr-x   2 root root 4.0K Aug 10  2023 srv
-rw-------   1 root root 2.4G Jan 30 06:27 swapfile
dr-xr-xr-x  13 root root    0 Jan 30 06:27 sys
drwxrwxrwt  16 root root 4.0K Mar 26 06:10 tmp
drwxr-xr-x  14 root root 4.0K Aug 10  2023 usr
drwxr-xr-x  13 root root 4.0K Aug 10  2023 var