total 36K
dr-xr-xr-x.  17 root root 4.0K Jan  6 09:36 .
dr-xr-xr-x.  17 root root 4.0K Jan  6 09:36 ..
lrwxrwxrwx.   1 root root    7 Jan  6 09:09 bin -> usr/bin
dr-xr-xr-x.   4 root root 4.0K Jan  6 09:36 boot
drwxr-xr-x.  19 root root 3.0K May 17 00:20 dev
drwxr-xr-x.  75 root root 8.0K May 17 00:21 etc
drwxr-xr-x.   3 root root   21 Jan  6 09:20 home
lrwxrwxrwx.   1 root root    7 Jan  6 09:09 lib -> usr/lib
lrwxrwxrwx.   1 root root    9 Jan  6 09:09 lib64 -> usr/lib64
drwxr-xr-x.   2 root root    6 Apr 11  2018 media
drwxr-xr-x.   2 root root    6 Apr 11  2018 mnt
drwxr-xr-x.   2 root root    6 Apr 11  2018 opt
dr-xr-xr-x. 117 root root    0 May 17 00:20 proc
dr-xr-x---.   3 root root  103 Jan  6 09:34 root
drwxr-xr-x.  24 root root  760 May 17 00:21 run
lrwxrwxrwx.   1 root root    8 Jan  6 09:09 sbin -> usr/sbin
drwxr-xr-x.   2 root root    6 Apr 11  2018 srv
dr-xr-xr-x.  13 root root    0 May 17 00:20 sys
drwxrwxrwt.   9 root root 4.0K May 17 00:21 tmp
drwxr-xr-x.  13 root root 4.0K Jan  6 09:09 usr
drwxr-xr-x.  19 root root 4.0K Jan  6 17:20 var