total 2.1G
drwxr-xr-x  19 root root 4.0K Jan  7 04:35 .
drwxr-xr-x  19 root root 4.0K Jan  7 04:35 ..
lrwxrwxrwx   1 root root    7 Aug 10  2023 bin -> usr/bin
drwxr-xr-x   4 root root 4.0K Jan  7 04:35 boot
drwxr-xr-x  19 root root 3.9K May 17 00:21 dev
drwxr-xr-x 103 root root 4.0K May 17 00:21 etc
drwxr-xr-x   3 root root 4.0K Jan  7 04:20 home
lrwxrwxrwx   1 root root    7 Aug 10  2023 lib -> usr/lib
lrwxrwxrwx   1 root root    9 Aug 10  2023 lib32 -> usr/lib32
lrwxrwxrwx   1 root root    9 Aug 10  2023 lib64 -> usr/lib64
lrwxrwxrwx   1 root root   10 Aug 10  2023 libx32 -> usr/libx32
drwx------   2 root root  16K Jan  7 03:35 lost+found
drwxr-xr-x   2 root root 4.0K Aug 10  2023 media
drwxr-xr-x   2 root root 4.0K Aug 10  2023 mnt
drwxr-xr-x   2 root root 4.0K Aug 10  2023 opt
dr-xr-xr-x 175 root root    0 May 17 00:20 proc
drwx------   5 root root 4.0K Jan  7 04:33 root
drwxr-xr-x  30 root root  900 May 17 00:21 run
lrwxrwxrwx   1 root root    8 Aug 10  2023 sbin -> usr/sbin
drwxr-xr-x   6 root root 4.0K May 17 00:21 snap
drwxr-xr-x   2 root root 4.0K Aug 10  2023 srv
-rw-------   1 root root 2.0G Jan  7 04:00 swap.img
dr-xr-xr-x  13 root root    0 May 17 00:20 sys
drwxrwxrwt  15 root root 4.0K May 17 00:21 tmp
drwxr-xr-x  14 root root 4.0K Aug 10  2023 usr
drwxr-xr-x  13 root root 4.0K Aug 10  2023 var