1
10
11
12
13
14
15
16
17
1704
1707
18
19
195
2
20
2027
2030
21
22
23
24
242
25
26
27
29
3
30
31
32
3259
3278
3279
33
34
35
36
37
38
39
4
40
406
407
408
409
41
410
42
43
44
45
455
46
462
47
48
484
485
486
487
488
489
49
490
491
492
493
5
54
55
567
568
569
59
590
592
593
594
595
596
597
598
6
60
61
613
62
622
63
64
650
651
654
655
66
672
679
691
699
7
719
723
725
74
741
793
794
8
802
825
827
86
9
acpi
bootconfig
buddyinfo
bus
cgroups
cmdline
consoles
cpuinfo
crypto
devices
diskstats
dma
driver
dynamic_debug
execdomains
fb
filesystems
fs
interrupts
iomem
ioports
irq
kallsyms
kcore
keys
key-users
kmsg
kpagecgroup
kpagecount
kpageflags
loadavg
locks
mdstat
meminfo
misc
modules
mounts
mtrr
net
pagetypeinfo
partitions
schedstat
scsi
self
slabinfo
softirqs
stat
swaps
sys
sysrq-trigger
sysvipc
thread-self
timer_list
tty
uptime
version
vmallocinfo
vmstat
zoneinfo