1
10
11
113
1148
1188
12
120
123
125
1257
1258
13
1391
1392
14
15
155
16
1605
163
164
1665
1692
17
1718
1744
1794
18
1802
1803
1834
1871
1878
1879
1883
1886
1891
1894
1899
19
2
20
201
206
2078
2080
21
2119
2124
2126
22
23
2322
2323
2324
24
25
26
27
28
29
3
30
31
32
33
34
35
36
37
38
39
4
40
41
5
56
6
63
65
7
748
749
8
9
acpi
buddyinfo
bus
cgroups
cmdline
consoles
cpuinfo
crypto
devices
diskstats
dma
driver
dynamic_debug
execdomains
fb
filesystems
fs
interrupts
iomem
ioports
irq
kallsyms
key-users
keys
kmsg
kpagecgroup
kpagecount
kpageflags
latency_stats
loadavg
locks
mdstat
meminfo
misc
modules
mounts
mtrr
net
pagetypeinfo
partitions
schedstat
scsi
self
softirqs
stat
swaps
sys
sysrq-trigger
sysvipc
thread-self
timer_list
tty
uptime
version
vmallocinfo
vmstat
zoneinfo