1
10
100
1001
101
102
103
104
1044
1045
1046
1047
1049
105
1052
1055
106
11
118
119
12
120
121
122
123
124
125
1259
126
1260
1261
127
128
129
13
130
131
132
138
139
14
140
15
16
17
171
18
19
2
20
207
21
213
214
22
220
226
228
229
23
230
231
232
233
234
235
236
237
238
239
24
25
255
257
258
26
263
265
27
28
289
29
290
292
293
294
297
3
30
31
32
33
339
34
35
36
37
38
39
4
40
41
42
43
44
45
46
47
48
49
5
50
51
52
53
54
55
56
57
58
582
587
589
59
591
6
66
67
68
69
7
70
8
9
922
925
98
99
acpi
bootconfig
buddyinfo
bus
cgroups
cmdline
config.gz
consoles
cpuinfo
crypto
devices
diskstats
dma
driver
dynamic_debug
execdomains
fb
filesystems
fs
interrupts
iomem
ioports
irq
kallsyms
kcore
key-users
keys
kmsg
kpagecgroup
kpagecount
kpageflags
loadavg
locks
meminfo
misc
modules
mounts
mtrr
net
pagetypeinfo
partitions
pressure
schedstat
scsi
self
slabinfo
softirqs
stat
swaps
sys
sysrq-trigger
sysvipc
thread-self
timer_list
tty
uptime
version
vmallocinfo
vmstat
zoneinfo