1
10
1009
1011
1012
103
104
11
1104
1105
1106
12
13
14
15
16
1742
1745
18
19
1939
1942
2
20
21
22
23
24
25
26
2659
2672
2673
27
28
283
287
288
289
29
290
291
294
3
30
31
32
358
359
370
371
384
385
386
387
388
389
39
390
391
392
393
394
395
4
40
41
42
475
485
496
5
50
509
51
52
53
54
545
547
549
550
552
554
556
559
580
587
6
616
638
640
644
646
647
651
67
672
679
680
681
7
8
816
825
9
acpi
buddyinfo
bus
cgroups
cmdline
consoles
cpuinfo
crypto
devices
diskstats
dma
driver
execdomains
fb
filesystems
fs
interrupts
iomem
ioports
irq
kallsyms
kcore
keys
key-users
kmsg
kpagecount
kpageflags
loadavg
locks
mdstat
meminfo
misc
modules
mounts
mtrr
net
pagetypeinfo
partitions
sched_debug
schedstat
scsi
self
slabinfo
softirqs
stat
swaps
sys
sysrq-trigger
sysvipc
timer_list
timer_stats
tty
uptime
version
vmallocinfo
vmstat
zoneinfo