1
10
1048
11
1100
1171
12
122
126
127
1279
128
1281
1286
1287
129
13
130
131
132
14
15
16
163
164
17
1754
1760
18
19
2
20
208
21
2140
2146
22
221
23
234
2430
2431
2432
25
26
27
28
29
3
30
31
315
32
33
332
34
35
36
37
38
39
4
40
41
411
412
42
43
452
460
472
476
481
49
5
51
52
527
53
536
54
55
570
6
60
65
66
7
8
9
acpi
buddyinfo
bus
cgroups
cmdline
consoles
cpuinfo
crypto
devices
diskstats
dma
driver
dynamic_debug
execdomains
fb
filesystems
fs
interrupts
iomem
ioports
irq
kallsyms
kcore
keys
key-users
kmsg
kpagecgroup
kpagecount
kpageflags
loadavg
locks
meminfo
misc
modules
mounts
mtrr
net
pagetypeinfo
partitions
pressure
schedstat
self
slabinfo
softirqs
stat
swaps
sys
sysrq-trigger
sysvipc
thread-self
timer_list
tty
uptime
version
vmallocinfo
vmstat
zoneinfo