1
10
101
11
12
13
14
15
16
17
18
19
2
20
204
21
2107
2110
22
23
236
24
2428
2431
25
26
27
28
29
3
30
31
32
33
34
35
355
36
3657
3676
3677
37
38
39
4
40
41
42
425
43
432
44
45
453
454
455
456
457
458
459
46
460
461
462
47
48
49
5
50
51
513
514
515
52
53
540
541
542
543
544
545
546
547
55
558
559
566
571
595
596
597
6
601
61
615
616
619
63
641
643
646
661
664
67
68
680
681
69
7
70
71
710
72
73
730
74
75
76
791
793
8
81
86
87
88
9
acpi
bootconfig
buddyinfo
bus
cgroups
cmdline
consoles
cpuinfo
crypto
devices
diskstats
dma
driver
dynamic_debug
execdomains
fb
filesystems
fs
interrupts
iomem
ioports
irq
kallsyms
kcore
keys
key-users
kmsg
kpagecgroup
kpagecount
kpageflags
latency_stats
loadavg
locks
mdstat
meminfo
misc
modules
mounts
mtrr
net
pagetypeinfo
partitions
pressure
schedstat
scsi
self
slabinfo
softirqs
stat
swaps
sys
sysrq-trigger
sysvipc
thread-self
timer_list
tty
uptime
version
vmallocinfo
vmstat
zoneinfo