1
10
11
12
1283
1284
13
14
15
16
17
18
1836
19
1933
2
20
2067
2076
21
2110
2177
2178
2179
2180
2181
2182
22
23
24
25
26
2606
2609
2610
2638
2640
27
28
2854
2855
2856
29
3
30
31
32
33
335
336
337
34
35
36
37
376
38
39
394
395
4
40
41
42
43
44
45
46
47
49
5
54
56
59
6
60
61
62
63
64
65
66
67
7
73
8
83
84
9
909
929
acpi
bootconfig
buddyinfo
bus
cgroups
cmdline
config.gz
consoles
cpuinfo
crypto
devices
diskstats
dma
driver
dynamic_debug
execdomains
fb
filesystems
fs
interrupts
iomem
ioports
irq
kallsyms
kcore
key-users
keys
kmsg
kpagecgroup
kpagecount
kpageflags
loadavg
locks
mdstat
meminfo
misc
modules
mounts
mtrr
net
pagetypeinfo
partitions
pressure
scsi
self
slabinfo
softirqs
stat
swaps
sys
sysrq-trigger
sysvipc
thread-self
timer_list
tty
uptime
version
vmallocinfo
vmstat
zoneinfo