1
10
102
103
1031
1032
1034
1068
108
11
1178
1179
1180
12
13
14
15
16
18
19
2
20
21
22
23
24
25
26
2601
2604
27
270
28
282
2834
2837
288
289
29
290
291
292
295
3
30
31
356
357
368
3689
369
3704
3705
38
382
383
384
385
386
387
388
389
39
390
391
392
393
4
40
41
472
49
492
5
50
503
51
52
53
546
548
549
550
551
552
582
583
585
595
6
621
643
644
645
652
654
66
669
674
677
679
7
705
8
831
9
acpi
buddyinfo
bus
cgroups
cmdline
consoles
cpuinfo
crypto
devices
diskstats
dma
driver
execdomains
fb
filesystems
fs
interrupts
iomem
ioports
irq
kallsyms
kcore
keys
key-users
kmsg
kpagecount
kpageflags
loadavg
locks
mdstat
meminfo
misc
modules
mounts
mtrr
net
pagetypeinfo
partitions
sched_debug
schedstat
scsi
self
slabinfo
softirqs
stat
swaps
sys
sysrq-trigger
sysvipc
timer_list
timer_stats
tty
uptime
version
vmallocinfo
vmstat
zoneinfo