1
10
11
12
13
14
15
16
17
18
19
196
2
20
21
22
23
234
24
25
250
26
27
2843
2846
29
3
30
31
3184
3187
32
33
34
35
36
37
38
39
4
40
401
404
407
408
409
41
42
43
44
4417
4436
4437
45
46
460
467
47
48
489
49
490
491
492
493
494
495
496
497
498
5
54
55
572
573
574
59
595
596
597
598
599
6
60
600
601
602
61
62
626
63
638
64
65
659
660
663
664
669
67
684
696
7
709
727
728
736
737
75
753
8
807
816
838
840
87
9
acpi
bootconfig
buddyinfo
bus
cgroups
cmdline
consoles
cpuinfo
crypto
devices
diskstats
dma
driver
dynamic_debug
execdomains
fb
filesystems
fs
interrupts
iomem
ioports
irq
kallsyms
kcore
keys
key-users
kmsg
kpagecgroup
kpagecount
kpageflags
loadavg
locks
mdstat
meminfo
misc
modules
mounts
mtrr
net
pagetypeinfo
partitions
schedstat
scsi
self
slabinfo
softirqs
stat
swaps
sys
sysrq-trigger
sysvipc
thread-self
timer_list
tty
uptime
version
vmallocinfo
vmstat
zoneinfo