1
10
11
12
13
14
15
16
17
1758
1761
18
19
196
2
20
2081
2084
21
22
23
234
24
244
25
26
27
29
3
30
31
32
33
3313
3332
3333
34
35
36
37
38
39
392
395
398
399
4
40
400
41
42
43
44
45
46
460
467
47
48
489
49
490
491
492
493
494
495
496
497
498
5
54
55
572
573
574
59
595
596
598
599
6
60
600
601
602
603
61
62
627
63
637
639
64
65
660
661
664
665
67
680
684
697
7
705
727
732
733
75
768
769
8
808
830
832
87
9
acpi
bootconfig
buddyinfo
bus
cgroups
cmdline
consoles
cpuinfo
crypto
devices
diskstats
dma
driver
dynamic_debug
execdomains
fb
filesystems
fs
interrupts
iomem
ioports
irq
kallsyms
kcore
keys
key-users
kmsg
kpagecgroup
kpagecount
kpageflags
loadavg
locks
mdstat
meminfo
misc
modules
mounts
mtrr
net
pagetypeinfo
partitions
schedstat
scsi
self
slabinfo
softirqs
stat
swaps
sys
sysrq-trigger
sysvipc
thread-self
timer_list
tty
uptime
version
vmallocinfo
vmstat
zoneinfo