1
10
100
101
102
103
104
105
106
108
11
116
119
12
120
125
1254
13
1392
1393
14
148
15
16
161
1619
162
1662
17
18
19
198
2
20
206
21
22
23
232
24
25
2538
2560
26
27
28
280
281
29
3
30
31
316
32
3244
3246
3289
33
344
3465
374
378
38
381
3829
383
3830
3831
384
385
388
4
460
461
471
5
541
544
552
557
579
6
621
623
638
639
642
644
655
657
690
692
7
722
8
80
81
82
83
84
85
86
87
88
89
9
90
92
93
95
96
97
98
99
acpi
bootconfig
buddyinfo
bus
cgroups
cmdline
consoles
cpuinfo
crypto
devices
diskstats
dma
driver
dynamic_debug
execdomains
fb
filesystems
fs
interrupts
iomem
ioports
irq
kallsyms
kcore
keys
key-users
kmsg
kpagecgroup
kpagecount
kpageflags
loadavg
locks
mdstat
meminfo
misc
modules
mounts
mtrr
net
pagetypeinfo
partitions
pressure
schedstat
scsi
self
slabinfo
softirqs
stat
swaps
sys
sysrq-trigger
sysvipc
thread-self
timer_list
tty
uptime
version
version_signature
vmallocinfo
vmstat
zoneinfo