1
103
108
1124
1148
1149
1153
1154
1158
1159
1163
1164
1168
1169
1173
1174
124
126
13
137
14
148
15
1514
1515
156
158
16
16072
168
17
18
180
1832
188
19
1900
1901
1904
193
1939
1940
1952
197
2
20
206
21
22
2274
23
2331
24
2454
2481
25
25953
2598
2627
26271
27
28
2870
28979
29
2914
2946
2947
2948
2949
2950
2951
2952
3
30
31
316
32
33
34
35
36
37
38
4
40
4364
4418
4770
4987
4988
4989
5
561
58
6
7
70
80
84
98
acpi
asound
buddyinfo
bus
cgroups
cmdline
consoles
cpuinfo
crypto
devices
diskstats
dma
driver
dynamic_debug
execdomains
fb
filesystems
fs
interrupts
iomem
ioports
irq
kallsyms
key-users
keys
kmsg
kpagecgroup
kpagecount
kpageflags
latency_stats
loadavg
locks
mdstat
meminfo
misc
modules
mounts
mtrr
net
pagetypeinfo
partitions
schedstat
scsi
self
softirqs
stat
swaps
sys
sysrq-trigger
sysvipc
thread-self
timer_list
tty
uptime
version
vmallocinfo
vmstat
zoneinfo