1
111
112
113
114
13
130
14
143
144
15
151
16
17
18
19
196
2
20
206
207
208
21
22
229
23
24
245
246
25
26
27
275
276
28
285
286
288
29
292
294
3
30
31
32
33
332
34
344252
35
36
37
376
38
39
396231
4
40
405404
42
421988
421989
421990
422031
423089
423192
423273
423823
423836
423837
424141
424149
424152
424157
424158
424159
424207
424208
424211
424253
424254
424391
424392
424393
43
44
45
46
47
48
485
49
490
5
50
52
53
54
545
55
550
552
554
559
56
562
57
58
59
6
60
61
62
63
64
65
66
67
68
69
7
70
71
72
73
74
75
82
83
8485
8504
8505
8506
90
91
92
93
acpi
asound
bootconfig
buddyinfo
bus
cgroups
cmdline
config.gz
consoles
cpuinfo
crypto
devices
diskstats
dma
driver
dynamic_debug
execdomains
fb
filesystems
fs
interrupts
iomem
ioports
irq
kallsyms
kcore
key-users
keys
kmsg
kpagecgroup
kpagecount
kpageflags
latency_stats
loadavg
locks
meminfo
misc
modules
mounts
mtrr
net
pagetypeinfo
partitions
pressure
schedstat
scsi
self
slabinfo
softirqs
stat
swaps
sys
sysrq-trigger
sysvipc
thread-self
timer_list
tty
uptime
version
vmallocinfo
vmstat
zoneinfo