1
101
106
1079
1080
1087
1102
1152792
13
1385146
14
15
1589648
16
1607
1614
1641
1643
17
1702158
1709390
1709989
1710473
1710500
1710611
1710614
1710615
1710636
1710823
1712685
1712693
1712697
1712699
1712701
1712706
1712711
1712883
1714047
1714066
1714067
18
19
2
20
21
22
23
24
25
26
261
262
27
275
28
286
29
3
30
31
32
33
34
35
36
368
369
37
372
373
374
376
38
39
4
40
42
432
486
487
5
51
57
58
582
59
6
60
61
61621
619
62
624
63
64
65
66
67
68
682
683
684
685
687
69
7
70
700
706
707
71
72
73
739
74
746
75
751
754
756
757
759
76
766
768
77
78
785
786
79
792
793
794
80
81
82
83
84
85
86
87
876
88
891
92
93
94
962910
acpi
asound
bootconfig
buddyinfo
bus
cgroups
cmdline
consoles
cpuinfo
crypto
devices
diskstats
dma
driver
dynamic_debug
execdomains
fb
filesystems
fs
interrupts
iomem
ioports
irq
kallsyms
kcore
keys
key-users
kmsg
kpagecgroup
kpagecount
kpageflags
latency_stats
loadavg
locks
mdstat
meminfo
misc
modules
mounts
mtrr
net
pagetypeinfo
partitions
pressure
schedstat
scsi
self
slabinfo
softirqs
stat
swaps
sys
sysrq-trigger
sysvipc
thread-self
timer_list
tty
uptime
version
vmallocinfo
vmstat
zoneinfo