xcb                            XCB - X-protocol C Binding
libdrm                         libdrm - Userspace interface to kernel DRM services
python3                        Python - Build a C extension for Python
glx                            glx - GLX library and headers
libssl                         OpenSSL-libssl - Secure Sockets Layer and cryptography libraries
xcb-dri3                       XCB DRI3 - XCB DRI3 Extension
xcb-damage                     XCB Damage - XCB Damage Extension
libcrypt                       libxcrypt - Extended crypt library for DES, MD5, Blowfish and others
xcb-randr                      XCB RandR - XCB RandR Extension
libcrypto                      OpenSSL-libcrypto - OpenSSL cryptography library
x11                            X11 - X Library
xcb-screensaver                XCB Screensaver - XCB Screensaver Extension
xcb-xfixes                     XCB XFixes - XCB XFixes Extension
python-3.12-embed              Python - Embed Python into an application
libzstd                        zstd - fast lossless compression algorithm library
openssl                        OpenSSL - Secure Sockets Layer and cryptography libraries and tools
xcb-render                     XCB Render - XCB Render Extension
xcb-sync                       XCB Sync - XCB Sync Extension
xcb-glx                        XCB GLX - XCB GLX Extension
xcb-record                     XCB Record - XCB Record Extension
xau                            Xau - X authorization file management library
python                         Python - Build a C extension for Python
xcb-xv                         XCB Xv - XCB Xv Extension
xcb-res                        XCB Res - XCB X-Resource Extension
pciaccess                      pciaccess - Library providing generic access to the PCI bus and devices.
python-3.12                    Python - Build a C extension for Python
xcb-shape                      XCB Shape - XCB Shape Extension
xcb-xinput                     XCB XInput - XCB XInput Extension (EXPERIMENTAL)
xcb-present                    XCB Present - XCB Present Extension
egl                            egl - EGL library and headers
pthread-stubs                  pthread stubs - Stubs missing from libc for standard pthread functions
libelf                         libelf - elfutils libelf library to read and write ELF files
glesv1_cm                      glesv1_cm - OpenGL ES-CM v1 library and headers
libdw                          libdw - elfutils library for DWARF data and ELF file or process inspection
xcb-shm                        XCB Shm - XCB Shm Extension
libxcrypt                      libxcrypt - Extended crypt library for DES, MD5, Blowfish and others
zlib                           zlib - zlib compression library
xcb-composite                  XCB Composite - XCB Composite Extension
libdebuginfod                  debuginfod - elfutils library to query debuginfo files from debuginfod servers
xcb-xkb                        XCB XKB - XCB Keyboard Extension (EXPERIMENTAL)
x11-xcb                        X11 XCB - X Library XCB interface
libglvnd                       libglvnd - Vendor-neutral OpenGL dispatch library vendor interface
xcb-xf86dri                    XCB XFree86-DRI - XCB XFree86-DRI Extension
libdrm_nouveau                 libdrm_nouveau - Userspace interface to nouveau kernel DRM services
libdrm_amdgpu                  libdrm_amdgpu - Userspace interface to kernel DRM services for amdgpu
xcb-dri2                       XCB DRI2 - XCB DRI2 Extension
dri                            dri - Direct Rendering Infrastructure
xcb-xvmc                       XCB XvMC - XCB XvMC Extension
xcb-xselinux                   XCB SELinux - XCB SELinux Extension
opengl                         opengl - OpenGL (without GLX) headers and interface
gl                             gl - Legacy OpenGL and GLX library and headers
libdrm_intel                   libdrm_intel - Userspace interface to intel kernel DRM services
xcb-xtest                      XCB XTEST - XCB XTEST Extension
libdrm_radeon                  libdrm_radeon - Userspace interface to kernel DRM services for radeon
python3-embed                  Python - Embed Python into an application
glesv2                         gles2 - OpenGL ES v2/v3 library and headers
liblzma                        liblzma - General purpose data compression library
xcb-xinerama                   XCB Xinerama - XCB Xinerama Extension
xcb-dpms                       XCB DPMS - XCB DPMS Extension
resourceproto                  ResourceProto - Resource extension headers
inputproto                     InputProto - Input extension headers
xineramaproto                  XineramaProto - Xinerama extension headers
xf86vidmodeproto               XF86VidModeProto - XF86VidMode extension headers
udev                           udev - udev
xf86driproto                   XF86DRIProto - XF86DRI extension headers
dri2proto                      DRI2Proto - DRI2 extension headers
fixesproto                     FixesProto - X Fixes extension headers
dri3proto                      DRI3Proto - DRI3 extension headers
xextproto                      XExtProto - XExt extension headers
fontsproto                     FontsProto - Fonts extension headers
damageproto                    DamageProto - Damage extension headers
kbproto                        KBProto - KB extension headers
dmxproto                       DMXProto - DMX extension headers
videoproto                     VideoProto - Video extension headers
glproto                        GLProto - GL extension headers
dracut                         dracut - dracut
xwaylandproto                  XwaylandProto - Xwayland extension headers
xf86bigfontproto               XF86BigFontProto - XF86BigFont extension headers
systemd                        systemd - systemd System and Service Manager
compositeproto                 CompositeExt - Composite extension headers
randrproto                     RandrProto - Randr extension headers
xcmiscproto                    XCMiscProto - XCMisc extension headers
bigreqsproto                   BigReqsProto - BigReqs extension headers
presentproto                   PresentProto - Present extension headers
recordproto                    RecordProto - Record extension headers
bash-completion                bash-completion - programmable completion for the bash shell
scrnsaverproto                 ScrnSaverProto - ScrnSaver extension headers
shared-mime-info               shared-mime-info - Freedesktop common MIME database
renderproto                    RenderProto - Render extension headers
dpmsproto                      DPMSProto - DPMS extension headers
xproto                         Xproto - Xproto headers
xf86dgaproto                   XF86DGAProto - XF86DGA extension headers