gl                             gl - Legacy OpenGL and GLX library and headers
xcb-res                        XCB Res - XCB X-Resource Extension
x11                            X11 - X Library
libdrm                         libdrm - Userspace interface to kernel DRM services
libglvnd                       libglvnd - Vendor-neutral OpenGL dispatch library vendor interface
libssl                         OpenSSL-libssl - Secure Sockets Layer and cryptography libraries
liblzma                        liblzma - General purpose data compression library
openssl                        OpenSSL - Secure Sockets Layer and cryptography libraries and tools
pciaccess                      pciaccess - Library providing generic access to the PCI bus and devices.
xcb-xtest                      XCB XTEST - XCB XTEST Extension
opengl                         opengl - OpenGL (without GLX) headers and interface
xcb-shm                        XCB Shm - XCB Shm Extension
libdrm_amdgpu                  libdrm_amdgpu - Userspace interface to kernel DRM services for amdgpu
xcb-render                     XCB Render - XCB Render Extension
xcb-sync                       XCB Sync - XCB Sync Extension
xcb-dri2                       XCB DRI2 - XCB DRI2 Extension
xcb-xv                         XCB Xv - XCB Xv Extension
xcb-damage                     XCB Damage - XCB Damage Extension
valgrind                       Valgrind - A dynamic binary instrumentation framework
xcb-shape                      XCB Shape - XCB Shape Extension
xcb-xf86dri                    XCB XFree86-DRI - XCB XFree86-DRI Extension
libcrypt                       libxcrypt - Extended crypt library for DES, MD5, Blowfish and others
glx                            glx - GLX library and headers
libzstd                        zstd - fast lossless compression algorithm library
xau                            Xau - X authorization file management libary
xcb-screensaver                XCB Screensaver - XCB Screensaver Extension
xcb-record                     XCB Record - XCB Record Extension
zlib                           zlib - zlib compression library
libdrm_nouveau                 libdrm_nouveau - Userspace interface to nouveau kernel DRM services
xcb-randr                      XCB RandR - XCB RandR Extension
libdrm_intel                   libdrm_intel - Userspace interface to intel kernel DRM services
libdrm_radeon                  libdrm_radeon - Userspace interface to kernel DRM services for radeon
libcrypto                      OpenSSL-libcrypto - OpenSSL cryptography library
xcb-xinput                     XCB XInput - XCB XInput Extension (EXPERIMENTAL)
xcb-xfixes                     XCB XFixes - XCB XFixes Extension
glesv2                         gles2 - OpenGL ES v2/v3 library and headers
xcb-glx                        XCB GLX - XCB GLX Extension
egl                            egl - EGL library and headers
x11-xcb                        X11 XCB - X Library XCB interface
glesv1_cm                      glesv1_cm - OpenGL ES-CM v1 library and headers
xcb-xselinux                   XCB SELinux - XCB SELinux Extension
xcb-xinerama                   XCB Xinerama - XCB Xinerama Extension
xcb-dpms                       XCB DPMS - XCB DPMS Extension
xcb-xkb                        XCB XKB - XCB Keyboard Extension (EXPERIMENTAL)
pthread-stubs                  pthread stubs - Stubs missing from libc for standard pthread functions
xcb                            XCB - X-protocol C Binding
xcb-dri3                       XCB DRI3 - XCB DRI3 Extension
xcb-xvmc                       XCB XvMC - XCB XvMC Extension
libxcrypt                      libxcrypt - Extended crypt library for DES, MD5, Blowfish and others
libelf                         libelf - elfutils libelf library to read and write ELF files
libdw                          libdw - elfutils library for DWARF data and ELF file or process inspection
xcb-composite                  XCB Composite - XCB Composite Extension
dri                            dri - Direct Rendering Infrastructure
xcb-present                    XCB Present - XCB Present Extension
fontsproto                     FontsProto - Fonts extension headers
videoproto                     VideoProto - Video extension headers
glproto                        GLProto - GL extension headers
dri2proto                      DRI2Proto - DRI2 extension headers
dracut                         dracut - dracut
dmxproto                       DMXProto - DMX extension headers
xf86vidmodeproto               XF86VidModeProto - XF86VidMode extension headers
systemd                        systemd - systemd System and Service Manager
renderproto                    RenderProto - Render extension headers
xextproto                      XExtProto - XExt extension headers
xf86driproto                   XF86DRIProto - XF86DRI extension headers
dpmsproto                      DPMSProto - DPMS extension headers
resourceproto                  ResourceProto - Resource extension headers
damageproto                    DamageProto - Damage extension headers
scrnsaverproto                 ScrnSaverProto - ScrnSaver extension headers
xf86bigfontproto               XF86BigFontProto - XF86BigFont extension headers
randrproto                     RandrProto - Randr extension headers
kbproto                        KBProto - KB extension headers
xf86dgaproto                   XF86DGAProto - XF86DGA extension headers
xineramaproto                  XineramaProto - Xinerama extension headers
xwaylandproto                  XwaylandProto - Xwayland extension headers
inputproto                     InputProto - Input extension headers
bash-completion                bash-completion - programmable completion for the bash shell
presentproto                   PresentProto - Present extension headers
fixesproto                     FixesProto - X Fixes extension headers
compositeproto                 CompositeExt - Composite extension headers
xcmiscproto                    XCMiscProto - XCMisc extension headers
udev                           udev - udev
shared-mime-info               shared-mime-info - Freedesktop common MIME database
bigreqsproto                   BigReqsProto - BigReqs extension headers
dri3proto                      DRI3Proto - DRI3 extension headers
xproto                         Xproto - Xproto headers
recordproto                    RecordProto - Record extension headers