SHELL=/bin/bash
LESS=-R -M --shift 5
ROOTPATH=/usr/local/sbin:/usr/local/bin:/usr/sbin:/usr/bin:/sbin:/bin:/opt/bin
CONFIG_PROTECT_MASK=/etc/sandbox.d /etc/gentoo-release /etc/terminfo /etc/ca-certificates.conf
SSH_AUTH_SOCK=/tmp/ssh-XXXXXXzFqIfS/agent.2608
SSH_AGENT_PID=2609
PWD=/home/vagrant
CONFIG_PROTECT=/usr/share/gnupg/qualified.txt
LOGNAME=vagrant
MANPATH=/usr/share/gcc-data/x86_64-pc-linux-gnu/13/man:/usr/share/binutils-data/x86_64-pc-linux-gnu/2.41/man:/usr/local/share/man:/usr/share/man
_=/usr/bin/python3.12
MOTD_SHOWN=pam
HOME=/home/vagrant
LANG=en_US.UTF-8
SSH_CONNECTION=192.168.121.1 43876 192.168.121.6 22
INFOPATH=/usr/share/gcc-data/x86_64-pc-linux-gnu/13/info:/usr/share/binutils-data/x86_64-pc-linux-gnu/2.41/info:/usr/share/autoconf-2.71/info:/usr/share/automake-1.16.5/info:/usr/share/info
TERM=xterm-256color
LESSOPEN=|lesspipe %s
USER=vagrant
MANPAGER=manpager
SHLVL=1
LEX=flex
GCC_SPECS=
SSH_CLIENT=192.168.121.1 43876 22
LC_COLLATE=POSIX
PATH=/usr/local/sbin:/usr/local/bin:/usr/sbin:/usr/bin:/sbin:/bin:/opt/bin
MAIL=/var/mail/vagrant
SSH_TTY=/dev/pts/0